<?xml version="1.0" encoding="UTF-8"?>
<!-- Generated by org.testng.reporters.JUnitReportReporter -->
<testsuite hostname="Bhushan-PC" failures="0" tests="4" name="TestLogin" time="135.575" errors="0" timestamp="28 Aug 2018 14:59:05 GMT" skipped="0">
  <testcase classname="TestLogin" name="TestLogIn" time="31.163"/>
  <testcase classname="TestLogin" name="TestLogIn" time="33.505"/>
  <testcase classname="TestLogin" name="TestLogIn" time="39.008"/>
  <testcase classname="TestLogin" name="TestLogIn" time="31.899"/>
</testsuite> <!-- TestLogin -->
