<?xml version="1.0" encoding="UTF-8"?>
<!-- Generated by org.testng.reporters.JUnitReportReporter -->
<testsuite hostname="Bhushan-PC" failures="0" tests="1" name="TestNGDemo.TestScript2" time="0.002" errors="0" timestamp="12 May 2019 11:44:04 GMT" skipped="0">
  <testcase classname="TestNGDemo.TestScript2" name="g" time="0.002"/>
</testsuite> <!-- TestNGDemo.TestScript2 -->
