<?xml version="1.0" encoding="UTF-8"?>
<!-- Generated by org.testng.reporters.JUnitReportReporter -->
<testsuite skipped="0" hostname="Bhushan-L" name="TestNGDemo.TestScript2" tests="1" failures="0" timestamp="10 Dec 2017 15:28:47 GMT" time="0.005" errors="0">
  <testcase name="g" time="0.005" classname="TestNGDemo.TestScript2"/>
</testsuite> <!-- TestNGDemo.TestScript2 -->
