<?xml version="1.0" encoding="UTF-8"?>
<!-- Generated by org.testng.reporters.JUnitReportReporter -->
<testsuite hostname="Bhushan-PC" failures="0" tests="1" name="TestNGDemo.TestScript1" time="0.015" errors="0" timestamp="12 May 2019 11:44:04 GMT" skipped="0">
  <testcase classname="TestNGDemo.TestScript1" name="f" time="0.015"/>
</testsuite> <!-- TestNGDemo.TestScript1 -->
