<?xml version="1.0" encoding="UTF-8"?>
<!-- Generated by org.testng.reporters.JUnitReportReporter -->
<testsuite hostname="Bhushan" failures="0" tests="4" name="TestClasses.LoginPageTest" time="61.022" errors="0" timestamp="03 Nov 2019 13:34:51 GMT" skipped="0">
  <testcase classname="TestClasses.LoginPageTest" name="loginPageTitleTest" time="17.055"/>
  <testcase classname="TestClasses.LoginPageTest" name="menuOptionsTest" time="13.004"/>
  <testcase classname="TestClasses.LoginPageTest" name="elementsAvailabilityTest" time="13.902"/>
  <testcase classname="TestClasses.LoginPageTest" name="loginTest" time="17.061"/>
</testsuite> <!-- TestClasses.LoginPageTest -->
