<?xml version="1.0" encoding="UTF-8"?>
<!-- Generated by org.testng.reporters.JUnitReportReporter -->
<testsuite hostname="Bhushan-PC" failures="0" tests="5" name="testBankDemo.TestLogIn4" time="99.561" errors="0" timestamp="13 May 2018 09:45:26 GMT" skipped="0">
  <testcase classname="testBankDemo.TestLogIn4" name="TestLogin4" time="19.241"/>
  <testcase classname="testBankDemo.TestLogIn4" name="TestLogin4" time="19.332"/>
  <testcase classname="testBankDemo.TestLogIn4" name="TestLogin4" time="19.097"/>
  <testcase classname="testBankDemo.TestLogIn4" name="TestLogin4" time="19.883"/>
  <testcase classname="testBankDemo.TestLogIn4" name="TestLogin4" time="22.008"/>
</testsuite> <!-- testBankDemo.TestLogIn4 -->
