<?xml version="1.0" encoding="UTF-8"?>
<!-- Generated by org.testng.reporters.JUnitReportReporter -->
<testsuite hostname="Bhushan-PC" failures="0" tests="3" name="com.freeCRM.tests.LoginPageTest" time="27.999" errors="0" timestamp="12 Feb 2019 02:32:27 GMT" skipped="0">
  <testcase classname="com.freeCRM.tests.LoginPageTest" name="testLoginPageTitle" time="9.655"/>
  <testcase classname="com.freeCRM.tests.LoginPageTest" name="testCRMLogo" time="9.798"/>
  <testcase classname="com.freeCRM.tests.LoginPageTest" name="testMotto" time="8.546"/>
</testsuite> <!-- com.freeCRM.tests.LoginPageTest -->
