<?xml version="1.0" encoding="UTF-8"?>
<!-- Generated by org.testng.reporters.JUnitReportReporter -->
<testsuite hostname="Bhushan-PC" failures="0" tests="1" name="TP.DateTime" time="62.307" errors="0" timestamp="18 Oct 2018 13:21:10 GMT" skipped="0">
  <testcase classname="TP.DateTime" name="selectDateTime" time="62.307"/>
</testsuite> <!-- TP.DateTime -->
