<?xml version="1.0" encoding="UTF-8"?>
<!-- Generated by org.testng.reporters.JUnitReportReporter -->
<testsuite hostname="Bhushan-PC" failures="0" tests="1" name="com.test.testng.SecondTC" time="9.945" errors="0" timestamp="13 Jan 2019 08:18:11 GMT" skipped="0">
  <testcase classname="com.test.testng.SecondTC" name="TestCase1" time="9.945"/>
</testsuite> <!-- com.test.testng.SecondTC -->
