<?xml version="1.0" encoding="UTF-8"?>
<!-- Generated by org.testng.reporters.JUnitReportReporter -->
<testsuite hostname="Bhushan" failures="0" tests="1" name="Runner.TestRunner" time="0.388" errors="0" timestamp="05 Oct 2019 06:49:52 GMT" skipped="0">
  <testcase classname="Runner.TestRunner" name="feature" time="0.388"/>
</testsuite> <!-- Runner.TestRunner -->
