<?xml version="1.0" encoding="UTF-8"?>
<!-- Generated by org.testng.reporters.JUnitReportReporter -->
<testsuite hostname="Bhushan-PC" failures="0" tests="3" name="com.ultimateqa.tests.LoginPageTest" time="48.555" errors="0" timestamp="02 Sep 2018 13:27:23 GMT" skipped="0">
  <testcase classname="com.ultimateqa.tests.LoginPageTest" name="loginPageTitleTest" time="8.066"/>
  <testcase classname="com.ultimateqa.tests.LoginPageTest" name="footerDisplayTest" time="12.187"/>
  <testcase classname="com.ultimateqa.tests.LoginPageTest" name="loginTest" time="28.302"/>
</testsuite> <!-- com.ultimateqa.tests.LoginPageTest -->
